Using pre-set license
Built from '2020.3/staging' branch; Version is '2020.3.5f1 (8095aa901b9b) revision 8426922'; Using compiler version '192528614'; Build Type 'Release'
OS: 'Windows 10 Pro; OS build 19044.1415; Version 2009; 64bit' Language: 'ru' Physical Memory: 16332 MB
BatchMode: 1, IsHumanControllingUs: 0, StartBugReporterOnCrash: 0, Is64bit: 1, IsPro: 0

 COMMAND LINE ARGUMENTS:
C:\Program Files\Unity\Hub\Editor\2020.3.5f1\Editor\Unity.exe
-adb2
-batchMode
-noUpm
-name
AssetImportWorker0
-projectPath
D:/ЗАГРУЗКИ/Platformer
-logFile
Logs/AssetImportWorker0.log
-srvPort
50048
Successfully changed project path to: D:/ЗАГРУЗКИ/Platformer
D:/ЗАГРУЗКИ/Platformer
Using Asset Import Pipeline V2.
Refreshing native plugins compatible for Editor in 38.31 ms, found 3 plugins.
Preloading 0 native plugins for Editor in 0.00 ms.
Initialize engine version: 2020.3.5f1 (8095aa901b9b)
[Subsystems] Discovering subsystems at path C:/Program Files/Unity/Hub/Editor/2020.3.5f1/Editor/Data/Resources/UnitySubsystems
[Subsystems] Discovering subsystems at path D:/ЗАГРУЗКИ/Platformer/Assets
GfxDevice: creating device client; threaded=0
Direct3D:
    Version:  Direct3D 11.0 [level 11.1]
    Renderer: NVIDIA GeForce RTX 2080 Ti (ID=0x1e07)
    Vendor:   
    VRAM:     11048 MB
    Driver:   27.21.14.5751
Initialize mono
Mono path[0] = 'C:/Program Files/Unity/Hub/Editor/2020.3.5f1/Editor/Data/Managed'
Mono path[1] = 'C:/Program Files/Unity/Hub/Editor/2020.3.5f1/Editor/Data/MonoBleedingEdge/lib/mono/unityjit'
Mono config path = 'C:/Program Files/Unity/Hub/Editor/2020.3.5f1/Editor/Data/MonoBleedingEdge/etc'
Using monoOptions --debugger-agent=transport=dt_socket,embedding=1,server=y,suspend=n,address=127.0.0.1:56364
Begin MonoManager ReloadAssembly
Registering precompiled unity dll's ...
Register platform support module: C:/Program Files/Unity/Hub/Editor/2020.3.5f1/Editor/Data/PlaybackEngines/WindowsStandaloneSupport/UnityEditor.WindowsStandalone.Extensions.dll
Registered in 0.001621 seconds.
Native extension for WindowsStandalone target not found
Refreshing native plugins compatible for Editor in 39.14 ms, found 3 plugins.
Preloading 0 native plugins for Editor in 0.00 ms.
Mono: successfully reloaded assembly
- Completed reload, in  0.865 seconds
Platform modules already initialized, skipping
Registering precompiled user dll's ...
Registered in 0.002320 seconds.
Begin MonoManager ReloadAssembly
Native extension for WindowsStandalone target not found
Refreshing native plugins compatible for Editor in 38.37 ms, found 3 plugins.
Preloading 0 native plugins for Editor in 0.00 ms.
Mono: successfully reloaded assembly
- Completed reload, in  0.945 seconds
Platform modules already initialized, skipping
========================================================================
Worker process is ready to serve import requests
Launched and connected shader compiler UnityShaderCompiler.exe after 0.04 seconds
Refreshing native plugins compatible for Editor in 0.49 ms, found 3 plugins.
Preloading 0 native plugins for Editor in 0.00 ms.
Unloading 2248 Unused Serialized files (Serialized files now loaded: 0)
System memory in use before: 98.9 MB.
System memory in use after: 98.9 MB.

Unloading 34 unused Assets to reduce memory usage. Loaded Objects now: 2681.
Total: 2.344700 ms (FindLiveObjects: 0.218300 ms CreateObjectMapping: 0.074000 ms MarkObjects: 1.927900 ms  DeleteObjects: 0.123700 ms)

========================================================================
Received Import Request.
  path: Assets/Scripts/Controllers/PlayerMoveController.cs
  artifactKey: Guid(ebfa42a129d225c43b0402f759aef313) Importer(815301076,1909f56bfc062723c751e8b465ee728b)
Start importing Assets/Scripts/Controllers/PlayerMoveController.cs using Guid(ebfa42a129d225c43b0402f759aef313) Importer(815301076,1909f56bfc062723c751e8b465ee728b)  -> (artifact id: 'ee1287eed54811539443f885b68d41eb') in 0.019856 seconds
  Import took 0.022653 seconds .

========================================================================
Received Import Request.
  Time since last request: 3.170277 seconds.
  path: Assets/Scripts/Controllers/PhysicsEnemyWaypointsController.cs
  artifactKey: Guid(039140bbce3b3a949881d914aea86197) Importer(815301076,1909f56bfc062723c751e8b465ee728b)
Start importing Assets/Scripts/Controllers/PhysicsEnemyWaypointsController.cs using Guid(039140bbce3b3a949881d914aea86197) Importer(815301076,1909f56bfc062723c751e8b465ee728b)  -> (artifact id: 'cd9da3b21df061b6dc3c75793db11355') in 0.001170 seconds
  Import took 0.006984 seconds .

========================================================================
Received Import Request.
  Time since last request: 9.229078 seconds.
  path: Assets/Scripts/Monobeh/GenerateLevelView.cs
  artifactKey: Guid(9dc6d9ecde66fba46937ff42f36c4de2) Importer(815301076,1909f56bfc062723c751e8b465ee728b)
Start importing Assets/Scripts/Monobeh/GenerateLevelView.cs using Guid(9dc6d9ecde66fba46937ff42f36c4de2) Importer(815301076,1909f56bfc062723c751e8b465ee728b)  -> (artifact id: '98286f54f128a44a85abc2f8e6e31681') in 0.001183 seconds
  Import took 0.004078 seconds .

========================================================================
Received Import Request.
  Time since last request: 0.002866 seconds.
  path: Assets/Scripts/Monobeh/GenerateLevelView.cs
  artifactKey: Guid(9dc6d9ecde66fba46937ff42f36c4de2) Importer(815301076,1909f56bfc062723c751e8b465ee728b)
Start importing Assets/Scripts/Monobeh/GenerateLevelView.cs using Guid(9dc6d9ecde66fba46937ff42f36c4de2) Importer(815301076,1909f56bfc062723c751e8b465ee728b)  -> (artifact id: '98286f54f128a44a85abc2f8e6e31681') in 0.000892 seconds
  Import took 0.003056 seconds .

========================================================================
Received Import Request.
  Time since last request: 81.863086 seconds.
  path: Assets/Scripts/Controllers/QuestCoinsController.cs
  artifactKey: Guid(fc0ef0ad1a0489e419e2d6af50a1a49e) Importer(815301076,1909f56bfc062723c751e8b465ee728b)
Start importing Assets/Scripts/Controllers/QuestCoinsController.cs using Guid(fc0ef0ad1a0489e419e2d6af50a1a49e) Importer(815301076,1909f56bfc062723c751e8b465ee728b)  -> (artifact id: '2f7a0db5002cee6b2a7a9798026b210a') in 0.001138 seconds
  Import took 0.004710 seconds .

========================================================================
Received Prepare
Registering precompiled user dll's ...
Registered in 0.002350 seconds.
Begin MonoManager ReloadAssembly
Native extension for WindowsStandalone target not found
Refreshing native plugins compatible for Editor in 0.52 ms, found 3 plugins.
Preloading 0 native plugins for Editor in 0.00 ms.
Mono: successfully reloaded assembly
- Completed reload, in  0.931 seconds
Platform modules already initialized, skipping
Refreshing native plugins compatible for Editor in 0.52 ms, found 3 plugins.
Preloading 0 native plugins for Editor in 0.00 ms.
Unloading 2240 Unused Serialized files (Serialized files now loaded: 0)
System memory in use before: 98.6 MB.
System memory in use after: 98.6 MB.

Unloading 22 unused Assets to reduce memory usage. Loaded Objects now: 2686.
Total: 2.204700 ms (FindLiveObjects: 0.252800 ms CreateObjectMapping: 0.046800 ms MarkObjects: 1.815400 ms  DeleteObjects: 0.088200 ms)

========================================================================
Received Import Request.
  Time since last request: 778.371708 seconds.
  path: Assets/Scripts/Controllers/QuestCoinsController.cs
  artifactKey: Guid(fc0ef0ad1a0489e419e2d6af50a1a49e) Importer(815301076,1909f56bfc062723c751e8b465ee728b)
Start importing Assets/Scripts/Controllers/QuestCoinsController.cs using Guid(fc0ef0ad1a0489e419e2d6af50a1a49e) Importer(815301076,1909f56bfc062723c751e8b465ee728b)  -> (artifact id: '9819570af18b85d4b67d635f43cbc7e0') in 0.004632 seconds
  Import took 0.007957 seconds .

========================================================================
Received Prepare
Registering precompiled user dll's ...
Registered in 0.002358 seconds.
Begin MonoManager ReloadAssembly
Native extension for WindowsStandalone target not found
Refreshing native plugins compatible for Editor in 0.51 ms, found 3 plugins.
Preloading 0 native plugins for Editor in 0.00 ms.
Mono: successfully reloaded assembly
- Completed reload, in  0.875 seconds
Platform modules already initialized, skipping
Refreshing native plugins compatible for Editor in 0.60 ms, found 3 plugins.
Preloading 0 native plugins for Editor in 0.00 ms.
Unloading 2240 Unused Serialized files (Serialized files now loaded: 0)
System memory in use before: 98.6 MB.
System memory in use after: 98.6 MB.

Unloading 22 unused Assets to reduce memory usage. Loaded Objects now: 2690.
Total: 2.562600 ms (FindLiveObjects: 0.206300 ms CreateObjectMapping: 0.049700 ms MarkObjects: 2.203300 ms  DeleteObjects: 0.102200 ms)

========================================================================
Received Import Request.
  Time since last request: 28.276209 seconds.
  path: Assets/Scripts/Controllers/QuestCoinsController.cs
  artifactKey: Guid(fc0ef0ad1a0489e419e2d6af50a1a49e) Importer(815301076,1909f56bfc062723c751e8b465ee728b)
Start importing Assets/Scripts/Controllers/QuestCoinsController.cs using Guid(fc0ef0ad1a0489e419e2d6af50a1a49e) Importer(815301076,1909f56bfc062723c751e8b465ee728b)  -> (artifact id: '3c1ae19f2f7c28f516001b100ba491c6') in 0.003671 seconds
  Import took 0.007134 seconds .

========================================================================
Received Prepare
Registering precompiled user dll's ...
Registered in 0.002437 seconds.
Begin MonoManager ReloadAssembly
Native extension for WindowsStandalone target not found
Refreshing native plugins compatible for Editor in 0.57 ms, found 3 plugins.
Preloading 0 native plugins for Editor in 0.00 ms.
Mono: successfully reloaded assembly
- Completed reload, in  0.887 seconds
Platform modules already initialized, skipping
Refreshing native plugins compatible for Editor in 0.48 ms, found 3 plugins.
Preloading 0 native plugins for Editor in 0.00 ms.
Unloading 2240 Unused Serialized files (Serialized files now loaded: 0)
System memory in use before: 98.7 MB.
System memory in use after: 98.6 MB.

Unloading 22 unused Assets to reduce memory usage. Loaded Objects now: 2694.
Total: 2.490300 ms (FindLiveObjects: 0.214100 ms CreateObjectMapping: 0.058400 ms MarkObjects: 2.120600 ms  DeleteObjects: 0.096300 ms)

========================================================================
Received Prepare
Registering precompiled user dll's ...
Registered in 0.002438 seconds.
Begin MonoManager ReloadAssembly
Native extension for WindowsStandalone target not found
Refreshing native plugins compatible for Editor in 0.51 ms, found 3 plugins.
Preloading 0 native plugins for Editor in 0.00 ms.
Mono: successfully reloaded assembly
- Completed reload, in  0.869 seconds
Platform modules already initialized, skipping
Refreshing native plugins compatible for Editor in 0.48 ms, found 3 plugins.
Preloading 0 native plugins for Editor in 0.00 ms.
Unloading 2240 Unused Serialized files (Serialized files now loaded: 0)
System memory in use before: 98.7 MB.
System memory in use after: 98.7 MB.

Unloading 22 unused Assets to reduce memory usage. Loaded Objects now: 2698.
Total: 2.349100 ms (FindLiveObjects: 0.251300 ms CreateObjectMapping: 0.055400 ms MarkObjects: 1.939600 ms  DeleteObjects: 0.102000 ms)

========================================================================
Received Prepare
Registering precompiled user dll's ...
Registered in 0.002615 seconds.
Begin MonoManager ReloadAssembly
Native extension for WindowsStandalone target not found
Refreshing native plugins compatible for Editor in 0.55 ms, found 3 plugins.
Preloading 0 native plugins for Editor in 0.00 ms.
Mono: successfully reloaded assembly
- Completed reload, in  0.895 seconds
Platform modules already initialized, skipping
Refreshing native plugins compatible for Editor in 0.61 ms, found 3 plugins.
Preloading 0 native plugins for Editor in 0.00 ms.
Unloading 2240 Unused Serialized files (Serialized files now loaded: 0)
System memory in use before: 98.6 MB.
System memory in use after: 98.6 MB.

Unloading 22 unused Assets to reduce memory usage. Loaded Objects now: 2702.
Total: 2.401400 ms (FindLiveObjects: 0.238600 ms CreateObjectMapping: 0.057200 ms MarkObjects: 2.005700 ms  DeleteObjects: 0.098900 ms)

========================================================================
Received Prepare
Registering precompiled user dll's ...
Registered in 0.002399 seconds.
Begin MonoManager ReloadAssembly
Native extension for WindowsStandalone target not found
Refreshing native plugins compatible for Editor in 0.61 ms, found 3 plugins.
Preloading 0 native plugins for Editor in 0.00 ms.
Mono: successfully reloaded assembly
- Completed reload, in  0.881 seconds
Platform modules already initialized, skipping
Refreshing native plugins compatible for Editor in 0.49 ms, found 3 plugins.
Preloading 0 native plugins for Editor in 0.00 ms.
Unloading 2240 Unused Serialized files (Serialized files now loaded: 0)
System memory in use before: 98.8 MB.
System memory in use after: 98.8 MB.

Unloading 22 unused Assets to reduce memory usage. Loaded Objects now: 2706.
Total: 2.683800 ms (FindLiveObjects: 0.242600 ms CreateObjectMapping: 0.053800 ms MarkObjects: 2.288300 ms  DeleteObjects: 0.098200 ms)

========================================================================
Received Prepare
Registering precompiled user dll's ...
Registered in 0.002442 seconds.
Begin MonoManager ReloadAssembly
Native extension for WindowsStandalone target not found
Refreshing native plugins compatible for Editor in 0.52 ms, found 3 plugins.
Preloading 0 native plugins for Editor in 0.00 ms.
Mono: successfully reloaded assembly
- Completed reload, in  0.871 seconds
Platform modules already initialized, skipping
Refreshing native plugins compatible for Editor in 0.50 ms, found 3 plugins.
Preloading 0 native plugins for Editor in 0.00 ms.
Unloading 2240 Unused Serialized files (Serialized files now loaded: 0)
System memory in use before: 98.8 MB.
System memory in use after: 98.8 MB.

Unloading 22 unused Assets to reduce memory usage. Loaded Objects now: 2710.
Total: 2.305400 ms (FindLiveObjects: 0.227400 ms CreateObjectMapping: 0.053500 ms MarkObjects: 1.928400 ms  DeleteObjects: 0.094700 ms)

========================================================================
Received Prepare
Registering precompiled user dll's ...
Registered in 0.002638 seconds.
Begin MonoManager ReloadAssembly
Native extension for WindowsStandalone target not found
Refreshing native plugins compatible for Editor in 0.51 ms, found 3 plugins.
Preloading 0 native plugins for Editor in 0.00 ms.
Mono: successfully reloaded assembly
- Completed reload, in  0.889 seconds
Platform modules already initialized, skipping
Refreshing native plugins compatible for Editor in 0.49 ms, found 3 plugins.
Preloading 0 native plugins for Editor in 0.00 ms.
Unloading 2240 Unused Serialized files (Serialized files now loaded: 0)
System memory in use before: 98.9 MB.
System memory in use after: 99.0 MB.

Unloading 22 unused Assets to reduce memory usage. Loaded Objects now: 2714.
Total: 2.648600 ms (FindLiveObjects: 0.261500 ms CreateObjectMapping: 0.061400 ms MarkObjects: 2.224200 ms  DeleteObjects: 0.100200 ms)

========================================================================
Received Prepare
Registering precompiled user dll's ...
Registered in 0.002420 seconds.
Begin MonoManager ReloadAssembly
Native extension for WindowsStandalone target not found
Refreshing native plugins compatible for Editor in 0.52 ms, found 3 plugins.
Preloading 0 native plugins for Editor in 0.00 ms.
Mono: successfully reloaded assembly
- Completed reload, in  0.856 seconds
Platform modules already initialized, skipping
Refreshing native plugins compatible for Editor in 0.51 ms, found 3 plugins.
Preloading 0 native plugins for Editor in 0.00 ms.
Unloading 2240 Unused Serialized files (Serialized files now loaded: 0)
System memory in use before: 98.9 MB.
System memory in use after: 99.0 MB.

Unloading 22 unused Assets to reduce memory usage. Loaded Objects now: 2718.
Total: 2.326600 ms (FindLiveObjects: 0.282600 ms CreateObjectMapping: 0.059400 ms MarkObjects: 1.860100 ms  DeleteObjects: 0.122900 ms)

========================================================================
Received Prepare
Registering precompiled user dll's ...
Registered in 0.002817 seconds.
Begin MonoManager ReloadAssembly
Native extension for WindowsStandalone target not found
Refreshing native plugins compatible for Editor in 0.53 ms, found 3 plugins.
Preloading 0 native plugins for Editor in 0.00 ms.
Mono: successfully reloaded assembly
- Completed reload, in  0.866 seconds
Platform modules already initialized, skipping
Refreshing native plugins compatible for Editor in 0.48 ms, found 3 plugins.
Preloading 0 native plugins for Editor in 0.00 ms.
Unloading 2240 Unused Serialized files (Serialized files now loaded: 0)
System memory in use before: 98.8 MB.
System memory in use after: 98.9 MB.

Unloading 22 unused Assets to reduce memory usage. Loaded Objects now: 2722.
Total: 2.538700 ms (FindLiveObjects: 0.218800 ms CreateObjectMapping: 0.054200 ms MarkObjects: 2.160300 ms  DeleteObjects: 0.104200 ms)

========================================================================
Received Prepare
Registering precompiled user dll's ...
Registered in 0.002954 seconds.
Begin MonoManager ReloadAssembly
Native extension for WindowsStandalone target not found
Refreshing native plugins compatible for Editor in 0.57 ms, found 3 plugins.
Preloading 0 native plugins for Editor in 0.00 ms.
Mono: successfully reloaded assembly
- Completed reload, in  0.868 seconds
Platform modules already initialized, skipping
Refreshing native plugins compatible for Editor in 0.55 ms, found 3 plugins.
Preloading 0 native plugins for Editor in 0.00 ms.
Unloading 2240 Unused Serialized files (Serialized files now loaded: 0)
System memory in use before: 98.9 MB.
System memory in use after: 98.9 MB.

Unloading 22 unused Assets to reduce memory usage. Loaded Objects now: 2726.
Total: 2.540900 ms (FindLiveObjects: 0.291300 ms CreateObjectMapping: 0.059000 ms MarkObjects: 2.087800 ms  DeleteObjects: 0.102000 ms)

========================================================================
Received Prepare
Registering precompiled user dll's ...
Registered in 0.002593 seconds.
Begin MonoManager ReloadAssembly
Native extension for WindowsStandalone target not found
Refreshing native plugins compatible for Editor in 0.55 ms, found 3 plugins.
Preloading 0 native plugins for Editor in 0.00 ms.
Mono: successfully reloaded assembly
- Completed reload, in  0.880 seconds
Platform modules already initialized, skipping
Refreshing native plugins compatible for Editor in 0.52 ms, found 3 plugins.
Preloading 0 native plugins for Editor in 0.00 ms.
Unloading 2240 Unused Serialized files (Serialized files now loaded: 0)
System memory in use before: 98.9 MB.
System memory in use after: 98.9 MB.

Unloading 22 unused Assets to reduce memory usage. Loaded Objects now: 2730.
Total: 2.585000 ms (FindLiveObjects: 0.217100 ms CreateObjectMapping: 0.057000 ms MarkObjects: 2.211800 ms  DeleteObjects: 0.098000 ms)

========================================================================
Received Prepare
Registering precompiled user dll's ...
Registered in 0.002363 seconds.
Begin MonoManager ReloadAssembly
Native extension for WindowsStandalone target not found
Refreshing native plugins compatible for Editor in 0.58 ms, found 3 plugins.
Preloading 0 native plugins for Editor in 0.00 ms.
Mono: successfully reloaded assembly
- Completed reload, in  0.850 seconds
Platform modules already initialized, skipping
Refreshing native plugins compatible for Editor in 0.49 ms, found 3 plugins.
Preloading 0 native plugins for Editor in 0.00 ms.
Unloading 2240 Unused Serialized files (Serialized files now loaded: 0)
System memory in use before: 99.0 MB.
System memory in use after: 99.0 MB.

Unloading 22 unused Assets to reduce memory usage. Loaded Objects now: 2734.
Total: 2.334800 ms (FindLiveObjects: 0.299600 ms CreateObjectMapping: 0.074500 ms MarkObjects: 1.862900 ms  DeleteObjects: 0.096800 ms)

AssetImportWorkerClient::OnTransportError - code=2 error=End of file
